\BOOKMARK [0][-]{part.1}{\376\377\000I\000\040\145\160\133\146\060\153\211\346\060\214\060\213\116\012\060\156\122\115\143\320}{}% 1
\BOOKMARK [1][-]{section.1}{\376\377\124\175\230\114\212\326\164\006}{part.1}% 2
\BOOKMARK [2][-]{subsection.1.1}{\376\377\121\154\164\006\000,\143\250\212\326\000,\212\074\146\016}{section.1}% 3
\BOOKMARK [1][-]{section.2}{\376\377\175\040\147\064\226\306\124\010\212\326}{part.1}% 4
\BOOKMARK [2][-]{subsection.2.1}{\376\377\226\306\124\010\060\153\225\242\060\131\060\213\175\040\147\064\060\152\133\232\177\251}{section.2}% 5
\BOOKMARK [2][-]{subsection.2.2}{\376\377\226\306\124\010\060\153\133\376\060\131\060\213\157\024\173\227}{section.2}% 6
\BOOKMARK [3][-]{subsubsection.2.2.1}{\376\377\227\136\116\244\124\214}{subsection.2.2}% 7
\BOOKMARK [3][-]{subsubsection.2.2.2}{\376\377\124\214}{subsection.2.2}% 8
\BOOKMARK [3][-]{subsubsection.2.2.3}{\376\377\172\115}{subsection.2.2}% 9
\BOOKMARK [3][-]{subsubsection.2.2.4}{\376\377\135\356}{subsection.2.2}% 10
\BOOKMARK [3][-]{subsubsection.2.2.5}{\376\377\121\252}{subsection.2.2}% 11
\BOOKMARK [1][-]{section.3}{\376\377\131\032\230\005\137\017}{part.1}% 12
\BOOKMARK [0][-]{part.2}{\376\377\000I\000I\000\040\145\160\133\146\127\372\171\016\212\326}{}% 13
\BOOKMARK [1][-]{section.4}{\376\377\217\360\212\236\212\326\164\006}{part.2}% 14
\BOOKMARK [2][-]{subsection.4.1}{\376\377\116\000\226\216\217\360\212\236\212\326\164\006}{section.4}% 15
\BOOKMARK [2][-]{subsection.4.2}{\376\377\232\330\226\216\217\360\212\236\212\326\164\006}{section.4}% 16
\BOOKMARK [1][-]{section.5}{\376\377\121\154\164\006\166\204\226\306\124\010\212\326}{part.2}% 17
\BOOKMARK [2][-]{subsection.5.1}{\376\377\000Z\000e\000r\000m\000e\000l\000o\000-\000F\000r\000a\000e\000n\000k\000e\000l\226\306\124\010\212\326}{section.5}% 18
\BOOKMARK [2][-]{subsection.5.2}{\376\377\220\170\142\236\121\154\164\006}{section.5}% 19
\BOOKMARK [2][-]{subsection.5.3}{\376\377\000Z\000F\000C\116\345\131\026\060\156\121\154\164\006\166\204\226\306\124\010\212\326}{section.5}% 20
\BOOKMARK [1][-]{section.6}{\376\377\201\352\161\066\145\160}{part.2}% 21
\BOOKMARK [2][-]{subsection.6.1}{\376\377\201\352\161\066\145\160\226\306\124\010}{section.6}% 22
\BOOKMARK [2][-]{subsection.6.2}{\376\377\201\352\161\066\145\160\060\156\131\047\134\017\225\242\117\302}{section.6}% 23
\BOOKMARK [2][-]{subsection.6.3}{\376\377\145\160\133\146\166\204\136\060\175\015\154\325\060\156\123\237\164\006}{section.6}% 24
\BOOKMARK [2][-]{subsection.6.4}{\376\377\147\011\226\120\226\306\124\010}{section.6}% 25
\BOOKMARK [2][-]{subsection.6.5}{\376\377\201\352\161\066\145\160\060\156\157\024\173\227}{section.6}% 26
\BOOKMARK [3][-]{subsubsection.6.5.1}{\376\377\137\214\200\005\225\242\145\160}{subsection.6.5}% 27
\BOOKMARK [3][-]{subsubsection.6.5.2}{\376\377\201\352\161\066\145\160\060\156\124\214}{subsection.6.5}% 28
\BOOKMARK [2][-]{subsection.6.6}{\376\377\201\352\161\066\145\160\060\156\210\150\163\376}{section.6}% 29
\BOOKMARK [3][-]{subsubsection.6.6.1}{\376\377\116\214\220\062\154\325}{subsection.6.6}% 30
\BOOKMARK [1][-]{section.7}{\376\377\230\006\136\217\145\160}{part.2}% 31
\BOOKMARK [0][-]{part.3}{\376\377\000I\000I\000I\000\040\145\160\117\123\174\373}{}% 32
\BOOKMARK [1][-]{section.8}{\376\377\147\011\164\006\145\160}{part.3}% 33
\BOOKMARK [1][-]{section.9}{\376\377\116\343\145\160\166\204\145\160}{part.3}% 34
\BOOKMARK [1][-]{section.10}{\376\377\133\237\145\160}{part.3}% 35
\BOOKMARK [1][-]{section.11}{\376\377\131\032\121\103\145\160}{part.3}% 36
\BOOKMARK [2][-]{subsection.11.1}{\376\377\211\007\175\040\145\160}{section.11}% 37
\BOOKMARK [1][-]{section.12}{\376\377\060\306\060\363\060\275\060\353}{part.3}% 38
\BOOKMARK [1][-]{section.13}{\376\377\000P\220\062\145\160}{part.3}% 39
\BOOKMARK [0][-]{part.4}{\376\377\000I\000V\000\040\211\343\147\220\133\146}{}% 40
\BOOKMARK [1][-]{section.14}{\376\377\151\165\226\120}{part.4}% 41
\BOOKMARK [1][-]{section.15}{\376\377\137\256\122\006\172\115\122\006}{part.4}% 42
\BOOKMARK [0][-]{part.5}{\376\377\000V\000\040\136\176\117\125\133\146}{}% 43
\BOOKMARK [1][-]{section.16}{\376\377\000E\000u\000c\000l\000i\000d\136\176\117\125\133\146}{part.5}% 44
\BOOKMARK [0][-]{part.6}{\376\377\000V\000I\000\040\135\373\147\053\116\330\223\062}{}% 45
\BOOKMARK [1][-]{section.17}{\376\377\145\160\133\146\165\050\212\236\060\150\202\361\212\236\124\015}{part.6}% 46
\BOOKMARK [1][-]{section.18}{\376\377\145\160\133\146\212\030\123\367\060\156\000L\000a\000T\000e\000X\116\012\060\156\060\263\060\336\060\363\060\311}{part.6}% 47
